<?xml version="1.0" encoding="UTF-8"?>
<!-- Generated by org.testng.reporters.JUnitXMLReporter -->
<testsuite ignored="0" hostname="DESKTOP-BKR3RM9" failures="0" tests="3" name="Default test" time="42.011" errors="0" timestamp="2023-03-10T16:03:21 IST">
  <testcase classname="org.tes.SampleTestng" name="tc1" time="5.852"/>
  <testcase classname="org.tes.SampleTestng" name="tc3" time="20.126"/>
  <testcase classname="org.tes.SampleTestng" name="tc5" time="3.122"/>
</testsuite> <!-- Default test -->
