<?xml version="1.0" encoding="UTF-8"?>
<testng-results ignored="0" total="3" passed="3" failed="0" skipped="0">
  <reporter-output>
  </reporter-output>
  <suite started-at="2023-03-10T16:02:39 IST" name="Default suite" finished-at="2023-03-10T16:03:21 IST" duration-ms="42011">
    <groups>
    </groups>
    <test started-at="2023-03-10T16:02:39 IST" name="Default test" finished-at="2023-03-10T16:03:21 IST" duration-ms="42011">
      <class name="org.tes.SampleTestng">
        <test-method is-config="true" signature="launchTheBrowser()[pri:0, instance:org.tes.SampleTestng@58695725]" started-at="2023-03-10T16:02:39 IST" name="launchTheBrowser" finished-at="2023-03-10T16:02:52 IST" duration-ms="12808" status="PASS">
          <reporter-output>
          </reporter-output>
        </test-method> <!-- launchTheBrowser -->
        <test-method is-config="true" signature="startDate()[pri:0, instance:org.tes.SampleTestng@58695725]" started-at="2023-03-10T16:02:52 IST" name="startDate" finished-at="2023-03-10T16:02:52 IST" duration-ms="1" status="PASS">
          <reporter-output>
          </reporter-output>
        </test-method> <!-- startDate -->
        <test-method signature="tc1(java.lang.String,java.lang.String)[pri:0, instance:org.tes.SampleTestng@58695725]" started-at="2023-03-10T16:02:52 IST" name="tc1" finished-at="2023-03-10T16:02:57 IST" duration-ms="5852" status="PASS">
          <params>
            <param index="0">
              <value>
                <![CDATA[manjuladevi61@gmail.com]]>
              </value>
            </param>
            <param index="1">
              <value>
                <![CDATA[manju@12]]>
              </value>
            </param>
          </params>
          <reporter-output>
          </reporter-output>
        </test-method> <!-- tc1 -->
        <test-method is-config="true" signature="EndDate()[pri:0, instance:org.tes.SampleTestng@58695725]" started-at="2023-03-10T16:02:57 IST" name="EndDate" finished-at="2023-03-10T16:02:57 IST" duration-ms="1" status="PASS">
          <reporter-output>
          </reporter-output>
        </test-method> <!-- EndDate -->
        <test-method is-config="true" signature="startDate()[pri:0, instance:org.tes.SampleTestng@58695725]" started-at="2023-03-10T16:02:57 IST" name="startDate" finished-at="2023-03-10T16:02:57 IST" duration-ms="0" status="PASS">
          <reporter-output>
          </reporter-output>
        </test-method> <!-- startDate -->
        <test-method signature="tc3()[pri:0, instance:org.tes.SampleTestng@58695725]" started-at="2023-03-10T16:02:57 IST" name="tc3" finished-at="2023-03-10T16:03:18 IST" duration-ms="20126" status="PASS">
          <reporter-output>
          </reporter-output>
        </test-method> <!-- tc3 -->
        <test-method is-config="true" signature="EndDate()[pri:0, instance:org.tes.SampleTestng@58695725]" started-at="2023-03-10T16:03:18 IST" name="EndDate" finished-at="2023-03-10T16:03:18 IST" duration-ms="0" status="PASS">
          <reporter-output>
          </reporter-output>
        </test-method> <!-- EndDate -->
        <test-method signature="tc5()[pri:0, instance:org.tes.SampleTestng@58695725]" started-at="2023-03-10T16:03:18 IST" name="tc5" finished-at="2023-03-10T16:03:21 IST" duration-ms="3122" status="PASS">
          <reporter-output>
          </reporter-output>
        </test-method> <!-- tc5 -->
        <test-method is-config="true" signature="startDate()[pri:0, instance:org.tes.SampleTestng@58695725]" started-at="2023-03-10T16:03:18 IST" name="startDate" finished-at="2023-03-10T16:03:18 IST" duration-ms="0" status="PASS">
          <reporter-output>
          </reporter-output>
        </test-method> <!-- startDate -->
        <test-method is-config="true" signature="EndDate()[pri:0, instance:org.tes.SampleTestng@58695725]" started-at="2023-03-10T16:03:21 IST" name="EndDate" finished-at="2023-03-10T16:03:21 IST" duration-ms="0" status="PASS">
          <reporter-output>
          </reporter-output>
        </test-method> <!-- EndDate -->
        <test-method is-config="true" signature="closeTheBrowser()[pri:0, instance:org.tes.SampleTestng@58695725]" started-at="2023-03-10T16:03:21 IST" name="closeTheBrowser" finished-at="2023-03-10T16:03:21 IST" duration-ms="0" status="PASS">
          <reporter-output>
          </reporter-output>
        </test-method> <!-- closeTheBrowser -->
      </class> <!-- org.tes.SampleTestng -->
    </test> <!-- Default test -->
  </suite> <!-- Default suite -->
</testng-results>
